<?xml version="1.0" encoding="UTF-8"?>
<testsuite xmlns:xsi="http://www.w3.org/2001/XMLSchema-instance" xsi:noNamespaceSchemaLocation="https://maven.apache.org/surefire/maven-surefire-plugin/xsd/surefire-test-report.xsd" name="eTest.AppTest" time="62.3" tests="1" errors="0" skipped="0" failures="0">
  <properties>
    <property name="sun.desktop" value="windows"/>
    <property name="awt.toolkit" value="sun.awt.windows.WToolkit"/>
    <property name="file.encoding.pkg" value="sun.io"/>
    <property name="java.specification.version" value="1.8"/>
    <property name="sun.cpu.isalist" value="amd64"/>
    <property name="sun.jnu.encoding" value="GBK"/>
    <property name="java.class.path" value="D:\区块链学习\MyFile\mvn_eTest\MyTest\target\test-classes;D:\区块链学习\MyFile\mvn_eTest\MyTest\target\classes;C:\Users\Wending_Tang\.m2\repository\junit\junit\4.11\junit-4.11.jar;C:\Users\Wending_Tang\.m2\repository\org\hamcrest\hamcrest-core\1.3\hamcrest-core-1.3.jar;C:\Users\Wending_Tang\.m2\repository\org\web3j\core\3.5.0\core-3.5.0.jar;C:\Users\Wending_Tang\.m2\repository\org\web3j\abi\3.5.0\abi-3.5.0.jar;C:\Users\Wending_Tang\.m2\repository\org\web3j\utils\3.5.0\utils-3.5.0.jar;C:\Users\Wending_Tang\.m2\repository\org\bouncycastle\bcprov-jdk15on\1.54\bcprov-jdk15on-1.54.jar;C:\Users\Wending_Tang\.m2\repository\org\web3j\crypto\3.5.0\crypto-3.5.0.jar;C:\Users\Wending_Tang\.m2\repository\org\web3j\rlp\3.5.0\rlp-3.5.0.jar;C:\Users\Wending_Tang\.m2\repository\com\fasterxml\jackson\core\jackson-databind\2.8.5\jackson-databind-2.8.5.jar;C:\Users\Wending_Tang\.m2\repository\com\fasterxml\jackson\core\jackson-annotations\2.8.0\jackson-annotations-2.8.0.jar;C:\Users\Wending_Tang\.m2\repository\com\fasterxml\jackson\core\jackson-core\2.8.5\jackson-core-2.8.5.jar;C:\Users\Wending_Tang\.m2\repository\org\slf4j\slf4j-api\1.7.25\slf4j-api-1.7.25.jar;C:\Users\Wending_Tang\.m2\repository\org\web3j\tuples\3.5.0\tuples-3.5.0.jar;C:\Users\Wending_Tang\.m2\repository\com\github\jnr\jnr-unixsocket\0.15\jnr-unixsocket-0.15.jar;C:\Users\Wending_Tang\.m2\repository\com\github\jnr\jnr-ffi\2.1.2\jnr-ffi-2.1.2.jar;C:\Users\Wending_Tang\.m2\repository\com\github\jnr\jffi\1.2.14\jffi-1.2.14.jar;C:\Users\Wending_Tang\.m2\repository\com\github\jnr\jffi\1.2.14\jffi-1.2.14-native.jar;C:\Users\Wending_Tang\.m2\repository\org\ow2\asm\asm\5.0.3\asm-5.0.3.jar;C:\Users\Wending_Tang\.m2\repository\org\ow2\asm\asm-commons\5.0.3\asm-commons-5.0.3.jar;C:\Users\Wending_Tang\.m2\repository\org\ow2\asm\asm-analysis\5.0.3\asm-analysis-5.0.3.jar;C:\Users\Wending_Tang\.m2\repository\org\ow2\asm\asm-tree\5.0.3\asm-tree-5.0.3.jar;C:\Users\Wending_Tang\.m2\repository\org\ow2\asm\asm-util\5.0.3\asm-util-5.0.3.jar;C:\Users\Wending_Tang\.m2\repository\com\github\jnr\jnr-x86asm\1.0.2\jnr-x86asm-1.0.2.jar;C:\Users\Wending_Tang\.m2\repository\com\github\jnr\jnr-constants\0.9.6\jnr-constants-0.9.6.jar;C:\Users\Wending_Tang\.m2\repository\com\github\jnr\jnr-enxio\0.14\jnr-enxio-0.14.jar;C:\Users\Wending_Tang\.m2\repository\com\github\jnr\jnr-posix\3.0.33\jnr-posix-3.0.33.jar;C:\Users\Wending_Tang\.m2\repository\com\squareup\okhttp3\okhttp\3.8.1\okhttp-3.8.1.jar;C:\Users\Wending_Tang\.m2\repository\com\squareup\okio\okio\1.13.0\okio-1.13.0.jar;C:\Users\Wending_Tang\.m2\repository\com\squareup\okhttp3\logging-interceptor\3.8.1\logging-interceptor-3.8.1.jar;C:\Users\Wending_Tang\.m2\repository\io\reactivex\rxjava\1.2.4\rxjava-1.2.4.jar;C:\Users\Wending_Tang\.m2\repository\org\java-websocket\Java-WebSocket\1.3.8\Java-WebSocket-1.3.8.jar;"/>
    <property name="java.vm.vendor" value="Oracle Corporation"/>
    <property name="sun.arch.data.model" value="64"/>
    <property name="user.variant" value=""/>
    <property name="java.vendor.url" value="http://java.oracle.com/"/>
    <property name="user.timezone" value=""/>
    <property name="java.vm.specification.version" value="1.8"/>
    <property name="os.name" value="Windows 10"/>
    <property name="user.country" value="CN"/>
    <property name="sun.java.launcher" value="SUN_STANDARD"/>
    <property name="sun.boot.library.path" value="C:\Program Files\Java\jdk1.8.0_171\jre\bin"/>
    <property name="sun.java.command" value="C:\Users\WENDIN~1\AppData\Local\Temp\surefire7302481496639745377\surefirebooter491428954228981502.jar C:\Users\Wending_Tang\AppData\Local\Temp\surefire7302481496639745377 2018-08-15T23-36-38_969-jvmRun1 surefire5658771118520768597tmp surefire_03199101683654921153tmp"/>
    <property name="surefire.test.class.path" value="D:\区块链学习\MyFile\mvn_eTest\MyTest\target\test-classes;D:\区块链学习\MyFile\mvn_eTest\MyTest\target\classes;C:\Users\Wending_Tang\.m2\repository\junit\junit\4.11\junit-4.11.jar;C:\Users\Wending_Tang\.m2\repository\org\hamcrest\hamcrest-core\1.3\hamcrest-core-1.3.jar;C:\Users\Wending_Tang\.m2\repository\org\web3j\core\3.5.0\core-3.5.0.jar;C:\Users\Wending_Tang\.m2\repository\org\web3j\abi\3.5.0\abi-3.5.0.jar;C:\Users\Wending_Tang\.m2\repository\org\web3j\utils\3.5.0\utils-3.5.0.jar;C:\Users\Wending_Tang\.m2\repository\org\bouncycastle\bcprov-jdk15on\1.54\bcprov-jdk15on-1.54.jar;C:\Users\Wending_Tang\.m2\repository\org\web3j\crypto\3.5.0\crypto-3.5.0.jar;C:\Users\Wending_Tang\.m2\repository\org\web3j\rlp\3.5.0\rlp-3.5.0.jar;C:\Users\Wending_Tang\.m2\repository\com\fasterxml\jackson\core\jackson-databind\2.8.5\jackson-databind-2.8.5.jar;C:\Users\Wending_Tang\.m2\repository\com\fasterxml\jackson\core\jackson-annotations\2.8.0\jackson-annotations-2.8.0.jar;C:\Users\Wending_Tang\.m2\repository\com\fasterxml\jackson\core\jackson-core\2.8.5\jackson-core-2.8.5.jar;C:\Users\Wending_Tang\.m2\repository\org\slf4j\slf4j-api\1.7.25\slf4j-api-1.7.25.jar;C:\Users\Wending_Tang\.m2\repository\org\web3j\tuples\3.5.0\tuples-3.5.0.jar;C:\Users\Wending_Tang\.m2\repository\com\github\jnr\jnr-unixsocket\0.15\jnr-unixsocket-0.15.jar;C:\Users\Wending_Tang\.m2\repository\com\github\jnr\jnr-ffi\2.1.2\jnr-ffi-2.1.2.jar;C:\Users\Wending_Tang\.m2\repository\com\github\jnr\jffi\1.2.14\jffi-1.2.14.jar;C:\Users\Wending_Tang\.m2\repository\com\github\jnr\jffi\1.2.14\jffi-1.2.14-native.jar;C:\Users\Wending_Tang\.m2\repository\org\ow2\asm\asm\5.0.3\asm-5.0.3.jar;C:\Users\Wending_Tang\.m2\repository\org\ow2\asm\asm-commons\5.0.3\asm-commons-5.0.3.jar;C:\Users\Wending_Tang\.m2\repository\org\ow2\asm\asm-analysis\5.0.3\asm-analysis-5.0.3.jar;C:\Users\Wending_Tang\.m2\repository\org\ow2\asm\asm-tree\5.0.3\asm-tree-5.0.3.jar;C:\Users\Wending_Tang\.m2\repository\org\ow2\asm\asm-util\5.0.3\asm-util-5.0.3.jar;C:\Users\Wending_Tang\.m2\repository\com\github\jnr\jnr-x86asm\1.0.2\jnr-x86asm-1.0.2.jar;C:\Users\Wending_Tang\.m2\repository\com\github\jnr\jnr-constants\0.9.6\jnr-constants-0.9.6.jar;C:\Users\Wending_Tang\.m2\repository\com\github\jnr\jnr-enxio\0.14\jnr-enxio-0.14.jar;C:\Users\Wending_Tang\.m2\repository\com\github\jnr\jnr-posix\3.0.33\jnr-posix-3.0.33.jar;C:\Users\Wending_Tang\.m2\repository\com\squareup\okhttp3\okhttp\3.8.1\okhttp-3.8.1.jar;C:\Users\Wending_Tang\.m2\repository\com\squareup\okio\okio\1.13.0\okio-1.13.0.jar;C:\Users\Wending_Tang\.m2\repository\com\squareup\okhttp3\logging-interceptor\3.8.1\logging-interceptor-3.8.1.jar;C:\Users\Wending_Tang\.m2\repository\io\reactivex\rxjava\1.2.4\rxjava-1.2.4.jar;C:\Users\Wending_Tang\.m2\repository\org\java-websocket\Java-WebSocket\1.3.8\Java-WebSocket-1.3.8.jar;"/>
    <property name="sun.cpu.endian" value="little"/>
    <property name="user.home" value="C:\Users\Wending_Tang"/>
    <property name="user.language" value="zh"/>
    <property name="java.specification.vendor" value="Oracle Corporation"/>
    <property name="java.home" value="C:\Program Files\Java\jdk1.8.0_171\jre"/>
    <property name="basedir" value="D:\区块链学习\MyFile\mvn_eTest\MyTest"/>
    <property name="file.separator" value="\"/>
    <property name="line.separator" value="&#10;"/>
    <property name="java.vm.specification.vendor" value="Oracle Corporation"/>
    <property name="java.specification.name" value="Java Platform API Specification"/>
    <property name="java.awt.graphicsenv" value="sun.awt.Win32GraphicsEnvironment"/>
    <property name="surefire.real.class.path" value="C:\Users\WENDIN~1\AppData\Local\Temp\surefire7302481496639745377\surefirebooter491428954228981502.jar"/>
    <property name="sun.boot.class.path" value="C:\Program Files\Java\jdk1.8.0_171\jre\lib\resources.jar;C:\Program Files\Java\jdk1.8.0_171\jre\lib\rt.jar;C:\Program Files\Java\jdk1.8.0_171\jre\lib\sunrsasign.jar;C:\Program Files\Java\jdk1.8.0_171\jre\lib\jsse.jar;C:\Program Files\Java\jdk1.8.0_171\jre\lib\jce.jar;C:\Program Files\Java\jdk1.8.0_171\jre\lib\charsets.jar;C:\Program Files\Java\jdk1.8.0_171\jre\lib\jfr.jar;C:\Program Files\Java\jdk1.8.0_171\jre\classes"/>
    <property name="user.script" value=""/>
    <property name="sun.management.compiler" value="HotSpot 64-Bit Tiered Compilers"/>
    <property name="java.runtime.version" value="1.8.0_171-b11"/>
    <property name="user.name" value="Wending_Tang"/>
    <property name="path.separator" value=";"/>
    <property name="os.version" value="10.0"/>
    <property name="java.endorsed.dirs" value="C:\Program Files\Java\jdk1.8.0_171\jre\lib\endorsed"/>
    <property name="java.runtime.name" value="Java(TM) SE Runtime Environment"/>
    <property name="file.encoding" value="GBK"/>
    <property name="java.vm.name" value="Java HotSpot(TM) 64-Bit Server VM"/>
    <property name="localRepository" value="C:\Users\Wending_Tang\.m2\repository"/>
    <property name="java.vendor.url.bug" value="http://bugreport.sun.com/bugreport/"/>
    <property name="java.io.tmpdir" value="C:\Users\WENDIN~1\AppData\Local\Temp\"/>
    <property name="java.version" value="1.8.0_171"/>
    <property name="user.dir" value="D:\区块链学习\MyFile\mvn_eTest\MyTest"/>
    <property name="os.arch" value="amd64"/>
    <property name="java.vm.specification.name" value="Java Virtual Machine Specification"/>
    <property name="java.awt.printerjob" value="sun.awt.windows.WPrinterJob"/>
    <property name="sun.os.patch.level" value=""/>
    <property name="java.library.path" value="C:\Program Files\Java\jdk1.8.0_171\jre\bin;C:\WINDOWS\Sun\Java\bin;C:\WINDOWS\system32;C:\WINDOWS;C:\Program Files\Java\jdk1.8.0_171;C:\WINDOWS\system32;C:\WINDOWS;C:\WINDOWS\System32\Wbem;C:\WINDOWS\System32\WindowsPowerShell\v1.0\;D:\MATLAB_Real\runtime\win64;D:\MATLAB_Real\bin;C:\Program Files (x86)\Microsoft SQL Server\100\Tools\Binn\;C:\Program Files\Microsoft SQL Server\100\Tools\Binn\;&quot;C:\Program Files\Microsoft SQL Server\100\DTS\Binn\;C:\Program Files\Java\jdk1.8.0_171\bin;C:\Program Files\Java\jdk1.8.0_171\jre\bin;&quot;;D:\PuTTY_real\;C:\WINDOWS\System32\OpenSSH\;C:\Users\Wending_Tang\AppData\Local\Continuum\anaconda3;D:\git\Git\cmd;C:\Program Files\Geth;C:\Program Files\nodejs\;C:\Program Files (x86)\Windows Kits\8.1\Windows Performance Toolkit\;C:\Program Files\Java\jdk1.8.0_171\jre\bin;C:\Program Files\Java\jdk1.8.0_171\bin;C:\Users\Wending_Tang\AppData\Local\Continuum\anaconda3\scripts;C:\Program Files (x86)\Vim\vim74;C:\Users\Wending_Tang\AppData\Roaming\npm;D:\maven\apache-maven-3.5.4\bin;;."/>
    <property name="java.vm.info" value="mixed mode"/>
    <property name="java.vendor" value="Oracle Corporation"/>
    <property name="java.vm.version" value="25.171-b11"/>
    <property name="java.ext.dirs" value="C:\Program Files\Java\jdk1.8.0_171\jre\lib\ext;C:\WINDOWS\Sun\Java\lib\ext"/>
    <property name="sun.io.unicode.encoding" value="UnicodeLittle"/>
    <property name="java.class.version" value="52.0"/>
  </properties>
  <testcase name="Test" classname="eTest.AppTest" time="62.272"/>
</testsuite>